<?xml version="1.0" encoding="UTF-8"?>
<!-- Generated by org.testng.reporters.JUnitXMLReporter -->
<testsuite ignored="5" hostname="IN3049051W1" failures="0" tests="2" name="Default test" time="80.881" errors="0" timestamp="2022-10-30T19:44:49 IST">
  <testcase classname="tests.HomePageHeader" name="validateDefaultLoading" time="2.174"/>
  <testcase classname="tests.HomePageHeader" name="validateDefaultLoading" time="41.33"/>
  <testcase classname="tests.HomePageHeader" name="validateProfessionalLink" time="0.0">
    <ignored/>
  </testcase> <!-- validateProfessionalLink -->
  <testcase classname="tests.HomePageHeader" name="validateSameValueSelection" time="0.0">
    <ignored/>
  </testcase> <!-- validateSameValueSelection -->
  <testcase classname="tests.HomePageHeader" name="validateSelectionWithoutSubmit" time="0.0">
    <ignored/>
  </testcase> <!-- validateSelectionWithoutSubmit -->
  <testcase classname="tests.HomePageHeader" name="validateSelection" time="0.0">
    <ignored/>
  </testcase> <!-- validateSelection -->
  <testcase classname="tests.HomePageHeader" name="validateSelectionOnClosure" time="0.0">
    <ignored/>
  </testcase> <!-- validateSelectionOnClosure -->
</testsuite> <!-- Default test -->
